\BOOKMARK [-1][-]{figure.caption.1}{Introduction}{}% 1
\BOOKMARK [-1][-]{part.1}{I Analyse}{}% 2
\BOOKMARK [0][-]{chapter.1}{Analyse des TAD}{part.1}% 3
\BOOKMARK [1][-]{section.1.1}{Le TAD \253 Couleur \273}{chapter.1}% 4
\BOOKMARK [1][-]{section.1.2}{Le TAD \253 Plateau \273}{chapter.1}% 5
\BOOKMARK [1][-]{section.1.3}{Le TAD \253 Coup \273}{chapter.1}% 6
\BOOKMARK [1][-]{section.1.4}{Le TAD \253 Pion \273}{chapter.1}% 7
\BOOKMARK [1][-]{section.1.5}{Le TAD \253 Coups \273}{chapter.1}% 8
\BOOKMARK [1][-]{section.1.6}{Le TAD \253 Position \273}{chapter.1}% 9
\BOOKMARK [0][-]{chapter.2}{Analyse descendante}{part.1}% 10
\BOOKMARK [-1][-]{part.2}{II Conception pr\351liminaire}{}% 11
\BOOKMARK [0][-]{chapter.1}{Conception pr\351liminaire des TAD}{part.2}% 12
\BOOKMARK [1][-]{section.1.1}{Conception pr\351liminaire du TAD \253 Couleur \273}{chapter.1}% 13
\BOOKMARK [1][-]{section.1.2}{Conception pr\351liminaire du TAD \253 Plateau \273}{chapter.1}% 14
\BOOKMARK [1][-]{section.1.3}{Conception pr\351liminaire du TAD \253 Coup \273}{chapter.1}% 15
\BOOKMARK [1][-]{section.1.4}{Conception pr\351liminaire du TAD \253 Pion \273}{chapter.1}% 16
\BOOKMARK [1][-]{section.1.5}{Conception pr\351liminaire du TAD \253 Coups \273}{chapter.1}% 17
\BOOKMARK [1][-]{section.1.6}{Conception pr\351liminaire du TAD \253 Position \273}{chapter.1}% 18
\BOOKMARK [0][-]{chapter.2}{Conception pr\351liminaire des fonctions et proc\351dures issues des analyses descendantes}{part.2}% 19
\BOOKMARK [1][-]{section.2.1}{Conception pr\351liminaire de l'analyse descendante de \253 Faire une partie \273}{chapter.2}% 20
\BOOKMARK [2][-]{subsection.2.1.1}{Types}{section.2.1}% 21
\BOOKMARK [2][-]{subsection.2.1.2}{Sous-programmes}{section.2.1}% 22
\BOOKMARK [1][-]{section.2.2}{Conception pr\351liminaire de l'analyse descendante de \253 obtenirCoupIA \273}{chapter.2}% 23
\BOOKMARK [-1][-]{part.3}{III Conception d\351taill\351e}{}% 24
\BOOKMARK [0][-]{chapter.1}{Conception d\351taill\351e des TAD}{part.3}% 25
\BOOKMARK [1][-]{section.1.1}{CD du type \253 Couleur \273}{chapter.1}% 26
\BOOKMARK [1][-]{section.1.2}{CD du type \253 Pion \273}{chapter.1}% 27
\BOOKMARK [1][-]{section.1.3}{CD du type \253 Position \273}{chapter.1}% 28
\BOOKMARK [1][-]{section.1.4}{CD du type \253 Plateau \273}{chapter.1}% 29
\BOOKMARK [1][-]{section.1.5}{CD du type \253 Coup \273}{chapter.1}% 30
\BOOKMARK [1][-]{section.1.6}{CD du type \253 Coups \273}{chapter.1}% 31
\BOOKMARK [0][-]{chapter.2}{Conception d\351taill\351e des algorithmes compliqu\351s de l'analyse \253 faireUnePartie \273}{part.3}% 32
\BOOKMARK [1][-]{section.2.1}{La proc\351dure \253 faireUnePartie \273}{chapter.2}% 33
\BOOKMARK [1][-]{section.2.2}{La proc\351dure \253 jouer \273}{chapter.2}% 34
\BOOKMARK [1][-]{section.2.3}{La proc\351dure \253 jouerCoup \273}{chapter.2}% 35
\BOOKMARK [1][-]{section.2.4}{La proc\351dure \253 inverserPions \273}{chapter.2}% 36
\BOOKMARK [1][-]{section.2.5}{La proc\351dure \253 inverserPionsDir \273}{chapter.2}% 37
\BOOKMARK [1][-]{section.2.6}{La proc\351dure \253 pionEstPresent \273}{chapter.2}% 38
\BOOKMARK [1][-]{section.2.7}{La proc\351dure \253 pionEstPresentRecursif \273}{chapter.2}% 39
\BOOKMARK [0][-]{chapter.3}{Conception d\351taill\351e des algorithmes compliqu\351s de l'analyse \253 obtenirCoupIA \273}{part.3}% 40
\BOOKMARK [1][-]{section.3.1}{La fonction \253 obtenirCoupIA \273}{chapter.3}% 41
\BOOKMARK [1][-]{section.3.2}{La fonction \253 scoreDUnCoup \273}{chapter.3}% 42
\BOOKMARK [1][-]{section.3.3}{La fonction \253 coupValide \273}{chapter.3}% 43
\BOOKMARK [1][-]{section.3.4}{La fonction \253 minMax \273}{chapter.3}% 44
\BOOKMARK [1][-]{section.3.5}{La fonction \253 evaluerPlateau \273}{chapter.3}% 45
\BOOKMARK [1][-]{section.3.6}{La fonction \253 evaluerNbCoupsPossiblesAdversaire \273}{chapter.3}% 46
\BOOKMARK [1][-]{section.3.7}{La fonction \253 evaluerNbPionsCouleur \273}{chapter.3}% 47
\BOOKMARK [1][-]{section.3.8}{La fonction \253 evaluerPositionsPionsPlateau \273}{chapter.3}% 48
\BOOKMARK [-1][-]{part.4}{IV D\351veloppement}{}% 49
\BOOKMARK [-1][-]{part.5}{V R\351partition du travail}{}% 50
\BOOKMARK [0][-]{chapter.1}{Analyse descendante}{part.5}% 51
\BOOKMARK [0][-]{chapter.2}{Conception pr\351liminaire}{part.5}% 52
\BOOKMARK [0][-]{chapter.3}{Conception d\351taill\351e}{part.5}% 53
\BOOKMARK [0][-]{chapter.4}{D\351veloppement}{part.5}% 54
\BOOKMARK [-1][-]{table.caption.6}{Conclusion}{}% 55
