\BOOKMARK [-1][-]{figure.caption.1}{Introduction}{}% 1
\BOOKMARK [-1][-]{part.1}{I Analyse}{}% 2
\BOOKMARK [0][-]{chapter.1}{Analyse des TAD}{part.1}% 3
\BOOKMARK [1][-]{section.1.1}{Le TAD \253 Couleur \273}{chapter.1}% 4
\BOOKMARK [1][-]{section.1.2}{Le TAD \253 Pion \273}{chapter.1}% 5
\BOOKMARK [1][-]{section.1.3}{Le TAD \253 Position \273}{chapter.1}% 6
\BOOKMARK [1][-]{section.1.4}{Le TAD \253 Plateau \273}{chapter.1}% 7
\BOOKMARK [1][-]{section.1.5}{Le TAD \253 Coup \273}{chapter.1}% 8
\BOOKMARK [1][-]{section.1.6}{Le TAD \253 Coups \273}{chapter.1}% 9
\BOOKMARK [0][-]{chapter.2}{Analyse descendante}{part.1}% 10
\BOOKMARK [-1][-]{part.2}{II Conception pr\351liminaire}{}% 11
\BOOKMARK [0][-]{chapter.1}{Conception pr\351liminaire des TAD}{part.2}% 12
\BOOKMARK [1][-]{section.1.1}{Conception pr\351liminaire du TAD \253 Couleur \273}{chapter.1}% 13
\BOOKMARK [1][-]{section.1.2}{Conception pr\351liminaire du TAD \253 Pion \273}{chapter.1}% 14
\BOOKMARK [1][-]{section.1.3}{Conception pr\351liminaire du TAD \253 Position \273}{chapter.1}% 15
\BOOKMARK [1][-]{section.1.4}{Conception pr\351liminaire du TAD \253 Plateau \273}{chapter.1}% 16
\BOOKMARK [1][-]{section.1.5}{Conception pr\351liminaire du TAD \253 Coup \273}{chapter.1}% 17
\BOOKMARK [1][-]{section.1.6}{Conception pr\351liminaire du TAD \253 Coups \273}{chapter.1}% 18
\BOOKMARK [0][-]{chapter.2}{Conception pr\351liminaire des fonctions et proc\351dures issues des analyses descendantes}{part.2}% 19
\BOOKMARK [1][-]{section.2.1}{Conception pr\351liminaire de l'analyse descendante de \253 Faire une partie \273}{chapter.2}% 20
\BOOKMARK [2][-]{subsection.2.1.1}{Types}{section.2.1}% 21
\BOOKMARK [2][-]{subsection.2.1.2}{Type Direction}{section.2.1}% 22
\BOOKMARK [2][-]{subsection.2.1.3}{Sous-programmes}{section.2.1}% 23
\BOOKMARK [1][-]{section.2.2}{Conception pr\351liminaire de l'analyse descendante de \253 obtenirCoupIA \273}{chapter.2}% 24
\BOOKMARK [-1][-]{part.3}{III Conception d\351taill\351e}{}% 25
\BOOKMARK [0][-]{chapter.1}{Conception d\351taill\351e des TAD}{part.3}% 26
\BOOKMARK [1][-]{section.1.1}{CD du type \253 Couleur \273}{chapter.1}% 27
\BOOKMARK [1][-]{section.1.2}{CD du type \253 Pion \273}{chapter.1}% 28
\BOOKMARK [1][-]{section.1.3}{CD du type \253 Position \273}{chapter.1}% 29
\BOOKMARK [1][-]{section.1.4}{CD du type \253 Plateau \273}{chapter.1}% 30
\BOOKMARK [1][-]{section.1.5}{CD du type \253 Coup \273}{chapter.1}% 31
\BOOKMARK [1][-]{section.1.6}{CD du type \253 Coups \273}{chapter.1}% 32
\BOOKMARK [0][-]{chapter.2}{Conception d\351taill\351e des algorithmes compliqu\351s de l'analyse \253 faireUnePartie \273}{part.3}% 33
\BOOKMARK [1][-]{section.2.1}{La proc\351dure \253 faireUnePartie \273}{chapter.2}% 34
\BOOKMARK [1][-]{section.2.2}{La proc\351dure \253 jouer \273}{chapter.2}% 35
\BOOKMARK [1][-]{section.2.3}{La proc\351dure \253 jouerCoup \273}{chapter.2}% 36
\BOOKMARK [1][-]{section.2.4}{La proc\351dure \253 inverserPions \273}{chapter.2}% 37
\BOOKMARK [1][-]{section.2.5}{La proc\351dure \253 inverserPionsDir \273}{chapter.2}% 38
\BOOKMARK [1][-]{section.2.6}{La proc\351dure \253 pionEstPresent \273}{chapter.2}% 39
\BOOKMARK [1][-]{section.2.7}{La proc\351dure \253 pionEstPresentRecursif \273}{chapter.2}% 40
\BOOKMARK [0][-]{chapter.3}{Conception d\351taill\351e des algorithmes compliqu\351s de l'analyse \253 obtenirCoupIA \273}{part.3}% 41
\BOOKMARK [1][-]{section.3.1}{La fonction \253 obtenirCoupIA \273}{chapter.3}% 42
\BOOKMARK [1][-]{section.3.2}{La fonction \253 scoreDUnCoup \273}{chapter.3}% 43
\BOOKMARK [1][-]{section.3.3}{La fonction \253 listeCoupsPossibles \273}{chapter.3}% 44
\BOOKMARK [1][-]{section.3.4}{La fonction \253 coupValide \273}{chapter.3}% 45
\BOOKMARK [1][-]{section.3.5}{La fonction \253 minMax \273}{chapter.3}% 46
\BOOKMARK [1][-]{section.3.6}{La fonction \253 evaluerPlateau \273}{chapter.3}% 47
\BOOKMARK [1][-]{section.3.7}{La fonction \253 evaluerNbCoupsPossiblesAdversaire \273}{chapter.3}% 48
\BOOKMARK [1][-]{section.3.8}{La fonction \253 evaluerNbPionsCouleur \273}{chapter.3}% 49
\BOOKMARK [1][-]{section.3.9}{La fonction \253 evaluerPositionsPionsPlateau \273}{chapter.3}% 50
\BOOKMARK [-1][-]{part.4}{IV D\351veloppement}{}% 51
\BOOKMARK [0][-]{chapter.1}{Les fichiers d'en-t\352tes \(headers\)}{part.4}% 52
\BOOKMARK [1][-]{section.1.1}{Le fichier \253 TAD\137Couleur.h \273}{chapter.1}% 53
\BOOKMARK [1][-]{section.1.2}{Le fichier \253 TAD\137Coup.h \273}{chapter.1}% 54
\BOOKMARK [1][-]{section.1.3}{Le fichier \253 TAD\137Coups.h \273}{chapter.1}% 55
\BOOKMARK [1][-]{section.1.4}{Le fichier \253 TAD\137Pion.h \273}{chapter.1}% 56
\BOOKMARK [1][-]{section.1.5}{Le fichier \253 TAD\137Plateau.h \273}{chapter.1}% 57
\BOOKMARK [1][-]{section.1.6}{Le fichier \253 TAD\137Position.h \273}{chapter.1}% 58
\BOOKMARK [1][-]{section.1.7}{Le fichier \253 Affichage.h \273}{chapter.1}% 59
\BOOKMARK [1][-]{section.1.8}{Le fichier \253 FaireUnePartie.h \273}{chapter.1}% 60
\BOOKMARK [1][-]{section.1.9}{Le fichier \253 FaireUnePartie\137Prive.h \273}{chapter.1}% 61
\BOOKMARK [1][-]{section.1.10}{Le fichier \253 ListeCoupsPossibles.h \273}{chapter.1}% 62
\BOOKMARK [1][-]{section.1.11}{Le fichier \253 ListeCoupsPossibles\137Prive.h \273}{chapter.1}% 63
\BOOKMARK [1][-]{section.1.12}{Le fichier \253 ObtenirCoupHumain.h \273}{chapter.1}% 64
\BOOKMARK [1][-]{section.1.13}{Le fichier \253 ObtenirCoupIA.h \273}{chapter.1}% 65
\BOOKMARK [1][-]{section.1.14}{Le fichier \253 ObtenirCoupIA\137Prive.h \273}{chapter.1}% 66
\BOOKMARK [0][-]{chapter.2}{Les fichiers C}{part.4}% 67
\BOOKMARK [1][-]{section.2.1}{Le fichier \253 TAD\137Couleur.c \273}{chapter.2}% 68
\BOOKMARK [1][-]{section.2.2}{Le fichier \253 TAD\137Coup.c \273}{chapter.2}% 69
\BOOKMARK [1][-]{section.2.3}{Le fichier \253 TAD\137Coups.c \273}{chapter.2}% 70
\BOOKMARK [1][-]{section.2.4}{Le fichier \253 TAD\137Pion.c \273}{chapter.2}% 71
\BOOKMARK [1][-]{section.2.5}{Le fichier \253 TAD\137Plateau.c \273}{chapter.2}% 72
\BOOKMARK [1][-]{section.2.6}{Le fichier \253 TAD\137Position.c \273}{chapter.2}% 73
\BOOKMARK [1][-]{section.2.7}{Le fichier \253 Affichage.c \273}{chapter.2}% 74
\BOOKMARK [1][-]{section.2.8}{Le fichier \253 FaireUnePartie.c \273}{chapter.2}% 75
\BOOKMARK [1][-]{section.2.9}{Le fichier \253 ListesCoupsPossibles.c \273}{chapter.2}% 76
\BOOKMARK [1][-]{section.2.10}{Le fichier \253 ObtenirCoupHumain.c \273}{chapter.2}% 77
\BOOKMARK [1][-]{section.2.11}{Le fichier \253 ObtenirCoupIA.c \273}{chapter.2}% 78
\BOOKMARK [1][-]{section.2.12}{Le fichier \253 main.c \273}{chapter.2}% 79
\BOOKMARK [0][-]{chapter.3}{Les fichiers de test}{part.4}% 80
\BOOKMARK [1][-]{section.3.1}{Le fichier \253 TestFaireUnePartie.c \273}{chapter.3}% 81
\BOOKMARK [1][-]{section.3.2}{Le fichier \253 TestListeCoupsPossibles.c \273}{chapter.3}% 82
\BOOKMARK [1][-]{section.3.3}{Le fichier \253 TestTADs.c \273}{chapter.3}% 83
\BOOKMARK [-1][-]{part.5}{V R\351partition du travail}{}% 84
\BOOKMARK [0][-]{chapter.1}{Analyse descendante}{part.5}% 85
\BOOKMARK [0][-]{chapter.2}{Conception pr\351liminaire}{part.5}% 86
\BOOKMARK [0][-]{chapter.3}{Conception d\351taill\351e}{part.5}% 87
\BOOKMARK [0][-]{chapter.4}{D\351veloppement}{part.5}% 88
\BOOKMARK [-1][-]{table.caption.7}{Conclusion}{}% 89
